<?xml version="1.0" encoding="UTF-8"?>
<testsuite xmlns:xsi="http://www.w3.org/2001/XMLSchema-instance" xsi:noNamespaceSchemaLocation="https://maven.apache.org/surefire/maven-surefire-plugin/xsd/surefire-test-report.xsd" name="TestSuite" time="62.011" tests="3" errors="0" skipped="0" failures="0">
  <properties>
[...]
</properties>
  <testcase name="TC1" classname="Runner.TestCase1" time="16.883"/>
  <testcase name="TC2" classname="Runner.TestCase2" time="15.318"/>
  <testcase name="TC3" classname="Runner.TestCase3" time="28.017"/>
</testsuite>